Performing C++ SOURCE FILE Test CMAKE_HAVE_LIBC_PTHREAD failed with the following output:
Change Dir: D:/Cpluscode/QML/1.controls/build-element-Desktop_Qt_6_2_4_MSVC2019_64bit-Debug/CMakeFiles/CMakeTmp

Run Build Command(s):C:/mingw64/bin/ninja.exe cmTC_8571f && [1/2] Building CXX object CMakeFiles\cmTC_8571f.dir\src.cxx.obj
FAILED: CMakeFiles/cmTC_8571f.dir/src.cxx.obj 
"C:\PROGRA~2\Microsoft Visual Studio\2019\Professional\VC\Tools\MSVC\14.29.30133\bin\HostX64\x64\cl.exe"  /nologo /TP -DCMAKE_HAVE_LIBC_PTHREAD  -DQT_QML_DEBUG /DWIN32 /D_WINDOWS /GR /EHsc  /Zi /Ob0 /Od /RTC1 -MDd /showIncludes /FoCMakeFiles\cmTC_8571f.dir\src.cxx.obj /FdCMakeFiles\cmTC_8571f.dir\ /FS -c D:\Cpluscode\QML\1.controls\build-element-Desktop_Qt_6_2_4_MSVC2019_64bit-Debug\CMakeFiles\CMakeTmp\src.cxx
D:\Cpluscode\QML\1.controls\build-element-Desktop_Qt_6_2_4_MSVC2019_64bit-Debug\CMakeFiles\CMakeTmp\src.cxx(1): fatal error C1083: 无法打开包括文件: “pthread.h”: No such file or directory
ninja: build stopped: subcommand failed.


Source file was:
#include <pthread.h>

static void* test_func(void* data)
{
  return data;
}

int main(void)
{
  pthread_t thread;
  pthread_create(&thread, NULL, test_func, NULL);
  pthread_detach(thread);
  pthread_cancel(thread);
  pthread_join(thread, NULL);
  pthread_atfork(NULL, NULL, NULL);
  pthread_exit(NULL);

  return 0;
}

Determining if the function pthread_create exists in the pthreads failed with the following output:
Change Dir: D:/Cpluscode/QML/1.controls/build-element-Desktop_Qt_6_2_4_MSVC2019_64bit-Debug/CMakeFiles/CMakeTmp

Run Build Command(s):C:/mingw64/bin/ninja.exe cmTC_19f94 && [1/2] Building CXX object CMakeFiles\cmTC_19f94.dir\CheckFunctionExists.cxx.obj
[2/2] Linking CXX executable cmTC_19f94.exe
FAILED: cmTC_19f94.exe 
cmd.exe /C "cd . && D:\Qt\Tools\CMake_64\bin\cmake.exe -E vs_link_exe --intdir=CMakeFiles\cmTC_19f94.dir --rc="C:\PROGRA~2\Windows Kits\10\bin\10.0.19041.0\x64\rc.exe" --mt="C:\PROGRA~2\Windows Kits\10\bin\10.0.19041.0\x64\mt.exe" --manifests  -- "C:\PROGRA~2\Microsoft Visual Studio\2019\Professional\VC\Tools\MSVC\14.29.30133\bin\Hostx64\x64\link.exe" /nologo CMakeFiles\cmTC_19f94.dir\CheckFunctionExists.cxx.obj  /out:cmTC_19f94.exe /implib:cmTC_19f94.lib /pdb:cmTC_19f94.pdb /version:0.0 /machine:x64  /debug /INCREMENTAL /subsystem:console  pthreads.lib  kernel32.lib user32.lib gdi32.lib winspool.lib shell32.lib ole32.lib oleaut32.lib uuid.lib comdlg32.lib advapi32.lib && cd ."
LINK Pass 1: command "C:\PROGRA~2\Microsoft Visual Studio\2019\Professional\VC\Tools\MSVC\14.29.30133\bin\Hostx64\x64\link.exe /nologo CMakeFiles\cmTC_19f94.dir\CheckFunctionExists.cxx.obj /out:cmTC_19f94.exe /implib:cmTC_19f94.lib /pdb:cmTC_19f94.pdb /version:0.0 /machine:x64 /debug /INCREMENTAL /subsystem:console pthreads.lib kernel32.lib user32.lib gdi32.lib winspool.lib shell32.lib ole32.lib oleaut32.lib uuid.lib comdlg32.lib advapi32.lib /MANIFEST /MANIFESTFILE:CMakeFiles\cmTC_19f94.dir/intermediate.manifest CMakeFiles\cmTC_19f94.dir/manifest.res" failed (exit code 1104) with the following output:
LINK : fatal error LNK1104: 无法打开文件“pthreads.lib”
ninja: build stopped: subcommand failed.



Determining if the function pthread_create exists in the pthread failed with the following output:
Change Dir: D:/Cpluscode/QML/1.controls/build-element-Desktop_Qt_6_2_4_MSVC2019_64bit-Debug/CMakeFiles/CMakeTmp

Run Build Command(s):C:/mingw64/bin/ninja.exe cmTC_5b288 && [1/2] Building CXX object CMakeFiles\cmTC_5b288.dir\CheckFunctionExists.cxx.obj
[2/2] Linking CXX executable cmTC_5b288.exe
FAILED: cmTC_5b288.exe 
cmd.exe /C "cd . && D:\Qt\Tools\CMake_64\bin\cmake.exe -E vs_link_exe --intdir=CMakeFiles\cmTC_5b288.dir --rc="C:\PROGRA~2\Windows Kits\10\bin\10.0.19041.0\x64\rc.exe" --mt="C:\PROGRA~2\Windows Kits\10\bin\10.0.19041.0\x64\mt.exe" --manifests  -- "C:\PROGRA~2\Microsoft Visual Studio\2019\Professional\VC\Tools\MSVC\14.29.30133\bin\Hostx64\x64\link.exe" /nologo CMakeFiles\cmTC_5b288.dir\CheckFunctionExists.cxx.obj  /out:cmTC_5b288.exe /implib:cmTC_5b288.lib /pdb:cmTC_5b288.pdb /version:0.0 /machine:x64  /debug /INCREMENTAL /subsystem:console  pthread.lib  kernel32.lib user32.lib gdi32.lib winspool.lib shell32.lib ole32.lib oleaut32.lib uuid.lib comdlg32.lib advapi32.lib && cd ."
LINK Pass 1: command "C:\PROGRA~2\Microsoft Visual Studio\2019\Professional\VC\Tools\MSVC\14.29.30133\bin\Hostx64\x64\link.exe /nologo CMakeFiles\cmTC_5b288.dir\CheckFunctionExists.cxx.obj /out:cmTC_5b288.exe /implib:cmTC_5b288.lib /pdb:cmTC_5b288.pdb /version:0.0 /machine:x64 /debug /INCREMENTAL /subsystem:console pthread.lib kernel32.lib user32.lib gdi32.lib winspool.lib shell32.lib ole32.lib oleaut32.lib uuid.lib comdlg32.lib advapi32.lib /MANIFEST /MANIFESTFILE:CMakeFiles\cmTC_5b288.dir/intermediate.manifest CMakeFiles\cmTC_5b288.dir/manifest.res" failed (exit code 1104) with the following output:
LINK : fatal error LNK1104: 无法打开文件“pthread.lib”
ninja: build stopped: subcommand failed.



